# JRE version: Java(TM) SE Runtime Environment 18.9 (11.0.17+10) (build 11.0.17+10-LTS-269)
# Java VM: Java HotSpot(TM) 64-Bit Server VM 18.9 (11.0.17+10-LTS-269, mixed mode, tiered, compressed oops, g1 gc, windows-amd64)
Heap:
 garbage-first heap   total 555008K, used 233263K [0x0000000080000000, 0x0000000100000000)
  region size 1024K, 55 young (56320K), 3 survivors (3072K)
 Metaspace       used 164808K, capacity 169434K, committed 169944K, reserved 1196032K
  class space    used 20649K, capacity 22507K, committed 22744K, reserved 1048576K
GC Heap History (10 events):
Event: 299.283 GC heap before
{Heap before GC invocations=74 (full 0):
 garbage-first heap   total 555008K, used 304553K [0x0000000080000000, 0x0000000100000000)
  region size 1024K, 133 young (136192K), 8 survivors (8192K)
 Metaspace       used 158688K, capacity 163162K, committed 163416K, reserved 1191936K
  class space    used 20020K, capacity 21792K, committed 21848K, reserved 1048576K
}
Event: 299.329 GC heap after
{Heap after GC invocations=75 (full 0):
 garbage-first heap   total 555008K, used 184436K [0x0000000080000000, 0x0000000100000000)
  region size 1024K, 16 young (16384K), 16 survivors (16384K)
 Metaspace       used 158688K, capacity 163162K, committed 163416K, reserved 1191936K
  class space    used 20020K, capacity 21792K, committed 21848K, reserved 1048576K
}
Event: 299.751 GC heap before
{Heap before GC invocations=75 (full 0):
 garbage-first heap   total 555008K, used 195700K [0x0000000080000000, 0x0000000100000000)
  region size 1024K, 27 young (27648K), 16 survivors (16384K)
 Metaspace       used 159800K, capacity 164347K, committed 164568K, reserved 1191936K
  class space    used 20116K, capacity 21907K, committed 21976K, reserved 1048576K
}
Event: 299.800 GC heap after
{Heap after GC invocations=76 (full 0):
 garbage-first heap   total 555008K, used 168657K [0x0000000080000000, 0x0000000100000000)
  region size 1024K, 2 young (2048K), 2 survivors (2048K)
 Metaspace       used 159800K, capacity 164347K, committed 164568K, reserved 1191936K
  class space    used 20116K, capacity 21907K, committed 21976K, reserved 1048576K
}
Event: 300.835 GC heap before
{Heap before GC invocations=76 (full 0):
 garbage-first heap   total 555008K, used 198353K [0x0000000080000000, 0x0000000100000000)
  region size 1024K, 33 young (33792K), 2 survivors (2048K)
 Metaspace       used 161397K, capacity 166192K, committed 166360K, reserved 1193984K
  class space    used 20329K, capacity 22203K, committed 22232K, reserved 1048576K
}
Event: 300.851 GC heap after
{Heap after GC invocations=77 (full 0):
 garbage-first heap   total 555008K, used 169278K [0x0000000080000000, 0x0000000100000000)
  region size 1024K, 3 young (3072K), 3 survivors (3072K)
 Metaspace       used 161397K, capacity 166192K, committed 166360K, reserved 1193984K
  class space    used 20329K, capacity 22203K, committed 22232K, reserved 1048576K
}
Event: 2987.263 GC heap before
{Heap before GC invocations=78 (full 0):
 garbage-first heap   total 555008K, used 474430K [0x0000000080000000, 0x0000000100000000)
  region size 1024K, 260 young (266240K), 3 survivors (3072K)
 Metaspace       used 164654K, capacity 169255K, committed 169688K, reserved 1196032K
  class space    used 20640K, capacity 22491K, committed 22744K, reserved 1048576K
}
Event: 2987.312 GC heap after
{Heap after GC invocations=79 (full 0):
 garbage-first heap   total 555008K, used 179653K [0x0000000080000000, 0x0000000100000000)
  region size 1024K, 13 young (13312K), 13 survivors (13312K)
 Metaspace       used 164654K, capacity 169255K, committed 169688K, reserved 1196032K
  class space    used 20640K, capacity 22491K, committed 22744K, reserved 1048576K
}
Event: 2996.682 GC heap before
{Heap before GC invocations=79 (full 0):
 garbage-first heap   total 555008K, used 192965K [0x0000000080000000, 0x0000000100000000)
  region size 1024K, 27 young (27648K), 13 survivors (13312K)
 Metaspace       used 164729K, capacity 169426K, committed 169944K, reserved 1196032K
  class space    used 20648K, capacity 22505K, committed 22744K, reserved 1048576K
}
Event: 2996.730 GC heap after
{Heap after GC invocations=80 (full 0):
 garbage-first heap   total 555008K, used 181039K [0x0000000080000000, 0x0000000100000000)
  region size 1024K, 3 young (3072K), 3 survivors (3072K)
 Metaspace       used 164729K, capacity 169426K, committed 169944K, reserved 1196032K
  class space    used 20648K, capacity 22505K, committed 22744K, reserved 1048576K
}

