# JRE version: OpenJDK Runtime Environment (11.0.15) (build 11.0.15+0-b2043.56-9505619)
# Java VM: OpenJDK 64-Bit Server VM (11.0.15+0-b2043.56-9505619, mixed mode, tiered, compressed oops, g1 gc, windows-amd64)
Heap:
 garbage-first heap   total 273408K, used 110153K [0x0000000080000000, 0x0000000100000000)
  region size 1024K, 6 young (6144K), 6 survivors (6144K)
 Metaspace       used 52656K, capacity 54099K, committed 54352K, reserved 1095680K
  class space    used 6692K, capacity 7275K, committed 7372K, reserved 1048576K
GC Heap History (20 events):
Event: 28.488 GC heap after
{Heap after GC invocations=50 (full 0):
 garbage-first heap   total 189440K, used 106658K [0x0000000080000000, 0x0000000100000000)
  region size 1024K, 4 young (4096K), 4 survivors (4096K)
 Metaspace       used 52651K, capacity 54097K, committed 54352K, reserved 1095680K
  class space    used 6692K, capacity 7275K, committed 7372K, reserved 1048576K
}
Event: 28.783 GC heap before
{Heap before GC invocations=50 (full 0):
 garbage-first heap   total 189440K, used 165026K [0x0000000080000000, 0x0000000100000000)
  region size 1024K, 61 young (62464K), 4 survivors (4096K)
 Metaspace       used 52654K, capacity 54099K, committed 54352K, reserved 1095680K
  class space    used 6692K, capacity 7275K, committed 7372K, reserved 1048576K
}
Event: 28.789 GC heap after
{Heap after GC invocations=51 (full 0):
 garbage-first heap   total 189440K, used 106986K [0x0000000080000000, 0x0000000100000000)
  region size 1024K, 4 young (4096K), 4 survivors (4096K)
 Metaspace       used 52654K, capacity 54099K, committed 54352K, reserved 1095680K
  class space    used 6692K, capacity 7275K, committed 7372K, reserved 1048576K
}
Event: 29.081 GC heap before
{Heap before GC invocations=52 (full 0):
 garbage-first heap   total 189440K, used 165354K [0x0000000080000000, 0x0000000100000000)
  region size 1024K, 61 young (62464K), 4 survivors (4096K)
 Metaspace       used 52654K, capacity 54099K, committed 54352K, reserved 1095680K
  class space    used 6692K, capacity 7275K, committed 7372K, reserved 1048576K
}
Event: 29.088 GC heap after
{Heap after GC invocations=53 (full 0):
 garbage-first heap   total 189440K, used 107041K [0x0000000080000000, 0x0000000100000000)
  region size 1024K, 4 young (4096K), 4 survivors (4096K)
 Metaspace       used 52654K, capacity 54099K, committed 54352K, reserved 1095680K
  class space    used 6692K, capacity 7275K, committed 7372K, reserved 1048576K
}
Event: 29.333 GC heap before
{Heap before GC invocations=53 (full 0):
 garbage-first heap   total 189440K, used 165409K [0x0000000080000000, 0x0000000100000000)
  region size 1024K, 61 young (62464K), 4 survivors (4096K)
 Metaspace       used 52654K, capacity 54099K, committed 54352K, reserved 1095680K
  class space    used 6692K, capacity 7275K, committed 7372K, reserved 1048576K
}
Event: 29.340 GC heap after
{Heap after GC invocations=54 (full 0):
 garbage-first heap   total 189440K, used 107421K [0x0000000080000000, 0x0000000100000000)
  region size 1024K, 4 young (4096K), 4 survivors (4096K)
 Metaspace       used 52654K, capacity 54099K, committed 54352K, reserved 1095680K
  class space    used 6692K, capacity 7275K, committed 7372K, reserved 1048576K
}
Event: 29.684 GC heap before
{Heap before GC invocations=55 (full 0):
 garbage-first heap   total 189440K, used 165789K [0x0000000080000000, 0x0000000100000000)
  region size 1024K, 61 young (62464K), 4 survivors (4096K)
 Metaspace       used 52654K, capacity 54099K, committed 54352K, reserved 1095680K
  class space    used 6692K, capacity 7275K, committed 7372K, reserved 1048576K
}
Event: 29.692 GC heap after
{Heap after GC invocations=56 (full 0):
 garbage-first heap   total 189440K, used 107801K [0x0000000080000000, 0x0000000100000000)
  region size 1024K, 5 young (5120K), 5 survivors (5120K)
 Metaspace       used 52654K, capacity 54099K, committed 54352K, reserved 1095680K
  class space    used 6692K, capacity 7275K, committed 7372K, reserved 1048576K
}
Event: 30.137 GC heap before
{Heap before GC invocations=56 (full 0):
 garbage-first heap   total 189440K, used 164121K [0x0000000080000000, 0x0000000100000000)
  region size 1024K, 60 young (61440K), 5 survivors (5120K)
 Metaspace       used 52654K, capacity 54099K, committed 54352K, reserved 1095680K
  class space    used 6692K, capacity 7275K, committed 7372K, reserved 1048576K
}
Event: 30.148 GC heap after
{Heap after GC invocations=57 (full 0):
 garbage-first heap   total 189440K, used 108212K [0x0000000080000000, 0x0000000100000000)
  region size 1024K, 5 young (5120K), 5 survivors (5120K)
 Metaspace       used 52654K, capacity 54099K, committed 54352K, reserved 1095680K
  class space    used 6692K, capacity 7275K, committed 7372K, reserved 1048576K
}
Event: 30.574 GC heap before
{Heap before GC invocations=58 (full 0):
 garbage-first heap   total 189440K, used 164532K [0x0000000080000000, 0x0000000100000000)
  region size 1024K, 60 young (61440K), 5 survivors (5120K)
 Metaspace       used 52655K, capacity 54099K, committed 54352K, reserved 1095680K
  class space    used 6692K, capacity 7275K, committed 7372K, reserved 1048576K
}
Event: 30.586 GC heap after
{Heap after GC invocations=59 (full 0):
 garbage-first heap   total 227328K, used 108913K [0x0000000080000000, 0x0000000100000000)
  region size 1024K, 5 young (5120K), 5 survivors (5120K)
 Metaspace       used 52655K, capacity 54099K, committed 54352K, reserved 1095680K
  class space    used 6692K, capacity 7275K, committed 7372K, reserved 1048576K
}
Event: 31.854 GC heap before
{Heap before GC invocations=59 (full 0):
 garbage-first heap   total 227328K, used 183665K [0x0000000080000000, 0x0000000100000000)
  region size 1024K, 78 young (79872K), 5 survivors (5120K)
 Metaspace       used 52656K, capacity 54099K, committed 54352K, reserved 1095680K
  class space    used 6692K, capacity 7275K, committed 7372K, reserved 1048576K
}
Event: 31.864 GC heap after
{Heap after GC invocations=60 (full 0):
 garbage-first heap   total 227328K, used 108752K [0x0000000080000000, 0x0000000100000000)
  region size 1024K, 5 young (5120K), 5 survivors (5120K)
 Metaspace       used 52656K, capacity 54099K, committed 54352K, reserved 1095680K
  class space    used 6692K, capacity 7275K, committed 7372K, reserved 1048576K
}
Event: 32.969 GC heap before
{Heap before GC invocations=61 (full 0):
 garbage-first heap   total 227328K, used 185552K [0x0000000080000000, 0x0000000100000000)
  region size 1024K, 80 young (81920K), 5 survivors (5120K)
 Metaspace       used 52656K, capacity 54099K, committed 54352K, reserved 1095680K
  class space    used 6692K, capacity 7275K, committed 7372K, reserved 1048576K
}
Event: 32.978 GC heap after
{Heap after GC invocations=62 (full 0):
 garbage-first heap   total 227328K, used 109232K [0x0000000080000000, 0x0000000100000000)
  region size 1024K, 5 young (5120K), 5 survivors (5120K)
 Metaspace       used 52656K, capacity 54099K, committed 54352K, reserved 1095680K
  class space    used 6692K, capacity 7275K, committed 7372K, reserved 1048576K
}
Event: 33.585 GC heap before
{Heap before GC invocations=62 (full 0):
 garbage-first heap   total 227328K, used 186032K [0x0000000080000000, 0x0000000100000000)
  region size 1024K, 80 young (81920K), 5 survivors (5120K)
 Metaspace       used 52656K, capacity 54099K, committed 54352K, reserved 1095680K
  class space    used 6692K, capacity 7275K, committed 7372K, reserved 1048576K
}
Event: 33.595 GC heap after
{Heap after GC invocations=63 (full 0):
 garbage-first heap   total 227328K, used 109508K [0x0000000080000000, 0x0000000100000000)
  region size 1024K, 5 young (5120K), 5 survivors (5120K)
 Metaspace       used 52656K, capacity 54099K, committed 54352K, reserved 1095680K
  class space    used 6692K, capacity 7275K, committed 7372K, reserved 1048576K
}
Event: 34.220 GC heap before
{Heap before GC invocations=64 (full 0):
 garbage-first heap   total 227328K, used 188356K [0x0000000080000000, 0x0000000100000000)
  region size 1024K, 82 young (83968K), 5 survivors (5120K)
 Metaspace       used 52656K, capacity 54099K, committed 54352K, reserved 1095680K
  class space    used 6692K, capacity 7275K, committed 7372K, reserved 1048576K
}

