# JRE version: OpenJDK Runtime Environment (11.0.15) (build 11.0.15+0-b2043.56-9505619)
# Java VM: OpenJDK 64-Bit Server VM (11.0.15+0-b2043.56-9505619, mixed mode, tiered, compressed oops, g1 gc, windows-amd64)
Heap:
 garbage-first heap   total 273408K, used 101617K [0x0000000080000000, 0x0000000100000000)
  region size 1024K, 8 young (8192K), 8 survivors (8192K)
 Metaspace       used 60003K, capacity 61565K, committed 61872K, reserved 1103872K
  class space    used 7531K, capacity 8162K, committed 8192K, reserved 1048576K
GC Heap History (20 events):
Event: 108.173 GC heap after
{Heap after GC invocations=48 (full 0):
 garbage-first heap   total 227328K, used 96139K [0x0000000080000000, 0x0000000100000000)
  region size 1024K, 5 young (5120K), 5 survivors (5120K)
 Metaspace       used 60001K, capacity 61565K, committed 61872K, reserved 1103872K
  class space    used 7530K, capacity 8162K, committed 8192K, reserved 1048576K
}
Event: 108.601 GC heap before
{Heap before GC invocations=48 (full 0):
 garbage-first heap   total 227328K, used 192395K [0x0000000080000000, 0x0000000100000000)
  region size 1024K, 100 young (102400K), 5 survivors (5120K)
 Metaspace       used 60001K, capacity 61565K, committed 61872K, reserved 1103872K
  class space    used 7530K, capacity 8162K, committed 8192K, reserved 1048576K
}
Event: 108.609 GC heap after
{Heap after GC invocations=49 (full 0):
 garbage-first heap   total 227328K, used 96824K [0x0000000080000000, 0x0000000100000000)
  region size 1024K, 5 young (5120K), 5 survivors (5120K)
 Metaspace       used 60001K, capacity 61565K, committed 61872K, reserved 1103872K
  class space    used 7530K, capacity 8162K, committed 8192K, reserved 1048576K
}
Event: 109.014 GC heap before
{Heap before GC invocations=49 (full 0):
 garbage-first heap   total 227328K, used 194104K [0x0000000080000000, 0x0000000100000000)
  region size 1024K, 100 young (102400K), 5 survivors (5120K)
 Metaspace       used 60001K, capacity 61565K, committed 61872K, reserved 1103872K
  class space    used 7530K, capacity 8162K, committed 8192K, reserved 1048576K
}
Event: 109.022 GC heap after
{Heap after GC invocations=50 (full 0):
 garbage-first heap   total 227328K, used 97266K [0x0000000080000000, 0x0000000100000000)
  region size 1024K, 5 young (5120K), 5 survivors (5120K)
 Metaspace       used 60001K, capacity 61565K, committed 61872K, reserved 1103872K
  class space    used 7530K, capacity 8162K, committed 8192K, reserved 1048576K
}
Event: 109.451 GC heap before
{Heap before GC invocations=50 (full 0):
 garbage-first heap   total 227328K, used 195570K [0x0000000080000000, 0x0000000100000000)
  region size 1024K, 101 young (103424K), 5 survivors (5120K)
 Metaspace       used 60001K, capacity 61565K, committed 61872K, reserved 1103872K
  class space    used 7530K, capacity 8162K, committed 8192K, reserved 1048576K
}
Event: 109.459 GC heap after
{Heap after GC invocations=51 (full 0):
 garbage-first heap   total 227328K, used 97491K [0x0000000080000000, 0x0000000100000000)
  region size 1024K, 5 young (5120K), 5 survivors (5120K)
 Metaspace       used 60001K, capacity 61565K, committed 61872K, reserved 1103872K
  class space    used 7530K, capacity 8162K, committed 8192K, reserved 1048576K
}
Event: 109.945 GC heap before
{Heap before GC invocations=51 (full 0):
 garbage-first heap   total 227328K, used 195795K [0x0000000080000000, 0x0000000100000000)
  region size 1024K, 101 young (103424K), 5 survivors (5120K)
 Metaspace       used 60001K, capacity 61565K, committed 61872K, reserved 1103872K
  class space    used 7530K, capacity 8162K, committed 8192K, reserved 1048576K
}
Event: 109.953 GC heap after
{Heap after GC invocations=52 (full 0):
 garbage-first heap   total 227328K, used 98544K [0x0000000080000000, 0x0000000100000000)
  region size 1024K, 6 young (6144K), 6 survivors (6144K)
 Metaspace       used 60001K, capacity 61565K, committed 61872K, reserved 1103872K
  class space    used 7530K, capacity 8162K, committed 8192K, reserved 1048576K
}
Event: 110.444 GC heap before
{Heap before GC invocations=52 (full 0):
 garbage-first heap   total 227328K, used 196848K [0x0000000080000000, 0x0000000100000000)
  region size 1024K, 102 young (104448K), 6 survivors (6144K)
 Metaspace       used 60001K, capacity 61565K, committed 61872K, reserved 1103872K
  class space    used 7530K, capacity 8162K, committed 8192K, reserved 1048576K
}
Event: 110.453 GC heap after
{Heap after GC invocations=53 (full 0):
 garbage-first heap   total 227328K, used 98808K [0x0000000080000000, 0x0000000100000000)
  region size 1024K, 6 young (6144K), 6 survivors (6144K)
 Metaspace       used 60001K, capacity 61565K, committed 61872K, reserved 1103872K
  class space    used 7530K, capacity 8162K, committed 8192K, reserved 1048576K
}
Event: 110.919 GC heap before
{Heap before GC invocations=53 (full 0):
 garbage-first heap   total 227328K, used 197112K [0x0000000080000000, 0x0000000100000000)
  region size 1024K, 102 young (104448K), 6 survivors (6144K)
 Metaspace       used 60001K, capacity 61565K, committed 61872K, reserved 1103872K
  class space    used 7530K, capacity 8162K, committed 8192K, reserved 1048576K
}
Event: 110.930 GC heap after
{Heap after GC invocations=54 (full 0):
 garbage-first heap   total 227328K, used 99564K [0x0000000080000000, 0x0000000100000000)
  region size 1024K, 7 young (7168K), 7 survivors (7168K)
 Metaspace       used 60001K, capacity 61565K, committed 61872K, reserved 1103872K
  class space    used 7530K, capacity 8162K, committed 8192K, reserved 1048576K
}
Event: 111.638 GC heap before
{Heap before GC invocations=54 (full 0):
 garbage-first heap   total 227328K, used 195820K [0x0000000080000000, 0x0000000100000000)
  region size 1024K, 101 young (103424K), 7 survivors (7168K)
 Metaspace       used 60002K, capacity 61565K, committed 61872K, reserved 1103872K
  class space    used 7530K, capacity 8162K, committed 8192K, reserved 1048576K
}
Event: 111.648 GC heap after
{Heap after GC invocations=55 (full 0):
 garbage-first heap   total 227328K, used 100440K [0x0000000080000000, 0x0000000100000000)
  region size 1024K, 8 young (8192K), 8 survivors (8192K)
 Metaspace       used 60002K, capacity 61565K, committed 61872K, reserved 1103872K
  class space    used 7530K, capacity 8162K, committed 8192K, reserved 1048576K
}
Event: 112.338 GC heap before
{Heap before GC invocations=55 (full 0):
 garbage-first heap   total 227328K, used 194648K [0x0000000080000000, 0x0000000100000000)
  region size 1024K, 100 young (102400K), 8 survivors (8192K)
 Metaspace       used 60003K, capacity 61565K, committed 61872K, reserved 1103872K
  class space    used 7531K, capacity 8162K, committed 8192K, reserved 1048576K
}
Event: 112.349 GC heap after
{Heap after GC invocations=56 (full 0):
 garbage-first heap   total 227328K, used 100081K [0x0000000080000000, 0x0000000100000000)
  region size 1024K, 7 young (7168K), 7 survivors (7168K)
 Metaspace       used 60003K, capacity 61565K, committed 61872K, reserved 1103872K
  class space    used 7531K, capacity 8162K, committed 8192K, reserved 1048576K
}
Event: 112.754 GC heap before
{Heap before GC invocations=56 (full 0):
 garbage-first heap   total 227328K, used 195313K [0x0000000080000000, 0x0000000100000000)
  region size 1024K, 100 young (102400K), 7 survivors (7168K)
 Metaspace       used 60003K, capacity 61565K, committed 61872K, reserved 1103872K
  class space    used 7531K, capacity 8162K, committed 8192K, reserved 1048576K
}
Event: 112.765 GC heap after
{Heap after GC invocations=57 (full 0):
 garbage-first heap   total 227328K, used 100770K [0x0000000080000000, 0x0000000100000000)
  region size 1024K, 8 young (8192K), 8 survivors (8192K)
 Metaspace       used 60003K, capacity 61565K, committed 61872K, reserved 1103872K
  class space    used 7531K, capacity 8162K, committed 8192K, reserved 1048576K
}
Event: 113.151 GC heap before
{Heap before GC invocations=57 (full 0):
 garbage-first heap   total 227328K, used 193954K [0x0000000080000000, 0x0000000100000000)
  region size 1024K, 99 young (101376K), 8 survivors (8192K)
 Metaspace       used 60003K, capacity 61565K, committed 61872K, reserved 1103872K
  class space    used 7531K, capacity 8162K, committed 8192K, reserved 1048576K
}

