# JRE version: OpenJDK Runtime Environment (11.0.15) (build 11.0.15+0-b2043.56-9505619)
# Java VM: OpenJDK 64-Bit Server VM (11.0.15+0-b2043.56-9505619, mixed mode, tiered, compressed oops, g1 gc, windows-amd64)
Heap:
 garbage-first heap   total 189440K, used 140460K [0x0000000080000000, 0x0000000100000000)
  region size 1024K, 41 young (41984K), 5 survivors (5120K)
 Metaspace       used 67664K, capacity 69515K, committed 69712K, reserved 1110016K
  class space    used 8521K, capacity 9278K, committed 9376K, reserved 1048576K
GC Heap History (20 events):
Event: 24.957 GC heap before
{Heap before GC invocations=24 (full 0):
 garbage-first heap   total 131072K, used 103248K [0x0000000080000000, 0x0000000100000000)
  region size 1024K, 17 young (17408K), 2 survivors (2048K)
 Metaspace       used 49976K, capacity 51267K, committed 51408K, reserved 1093632K
  class space    used 6425K, capacity 6924K, committed 6944K, reserved 1048576K
}
Event: 24.962 GC heap after
{Heap after GC invocations=25 (full 0):
 garbage-first heap   total 131072K, used 87956K [0x0000000080000000, 0x0000000100000000)
  region size 1024K, 2 young (2048K), 2 survivors (2048K)
 Metaspace       used 49976K, capacity 51267K, committed 51408K, reserved 1093632K
  class space    used 6425K, capacity 6924K, committed 6944K, reserved 1048576K
}
Event: 25.403 GC heap before
{Heap before GC invocations=26 (full 0):
 garbage-first heap   total 131072K, used 104340K [0x0000000080000000, 0x0000000100000000)
  region size 1024K, 18 young (18432K), 2 survivors (2048K)
 Metaspace       used 50126K, capacity 51414K, committed 51792K, reserved 1093632K
  class space    used 6424K, capacity 6951K, committed 7072K, reserved 1048576K
}
Event: 25.407 GC heap after
{Heap after GC invocations=27 (full 0):
 garbage-first heap   total 131072K, used 87667K [0x0000000080000000, 0x0000000100000000)
  region size 1024K, 2 young (2048K), 2 survivors (2048K)
 Metaspace       used 50126K, capacity 51414K, committed 51792K, reserved 1093632K
  class space    used 6424K, capacity 6951K, committed 7072K, reserved 1048576K
}
Event: 26.146 GC heap before
{Heap before GC invocations=27 (full 0):
 garbage-first heap   total 131072K, used 105075K [0x0000000080000000, 0x0000000100000000)
  region size 1024K, 19 young (19456K), 2 survivors (2048K)
 Metaspace       used 51107K, capacity 52527K, committed 52560K, reserved 1095680K
  class space    used 6522K, capacity 7063K, committed 7072K, reserved 1048576K
}
Event: 26.156 GC heap after
{Heap after GC invocations=28 (full 0):
 garbage-first heap   total 131072K, used 89333K [0x0000000080000000, 0x0000000100000000)
  region size 1024K, 3 young (3072K), 3 survivors (3072K)
 Metaspace       used 51107K, capacity 52527K, committed 52560K, reserved 1095680K
  class space    used 6522K, capacity 7063K, committed 7072K, reserved 1048576K
}
Event: 27.083 GC heap before
{Heap before GC invocations=29 (full 0):
 garbage-first heap   total 131072K, used 106741K [0x0000000080000000, 0x0000000100000000)
  region size 1024K, 20 young (20480K), 3 survivors (3072K)
 Metaspace       used 52715K, capacity 54187K, committed 54224K, reserved 1095680K
  class space    used 6641K, capacity 7168K, committed 7200K, reserved 1048576K
}
Event: 27.092 GC heap after
{Heap after GC invocations=30 (full 0):
 garbage-first heap   total 131072K, used 90602K [0x0000000080000000, 0x0000000100000000)
  region size 1024K, 2 young (2048K), 2 survivors (2048K)
 Metaspace       used 52715K, capacity 54187K, committed 54224K, reserved 1095680K
  class space    used 6641K, capacity 7168K, committed 7200K, reserved 1048576K
}
Event: 27.388 GC heap before
{Heap before GC invocations=30 (full 0):
 garbage-first heap   total 131072K, used 108010K [0x0000000080000000, 0x0000000100000000)
  region size 1024K, 19 young (19456K), 2 survivors (2048K)
 Metaspace       used 52885K, capacity 54320K, committed 54608K, reserved 1097728K
  class space    used 6662K, capacity 7212K, committed 7328K, reserved 1048576K
}
Event: 27.399 GC heap after
{Heap after GC invocations=31 (full 0):
 garbage-first heap   total 131072K, used 91672K [0x0000000080000000, 0x0000000100000000)
  region size 1024K, 3 young (3072K), 3 survivors (3072K)
 Metaspace       used 52885K, capacity 54320K, committed 54608K, reserved 1097728K
  class space    used 6662K, capacity 7212K, committed 7328K, reserved 1048576K
}
Event: 28.074 GC heap before
{Heap before GC invocations=32 (full 0):
 garbage-first heap   total 131072K, used 109080K [0x0000000080000000, 0x0000000100000000)
  region size 1024K, 20 young (20480K), 3 survivors (3072K)
 Metaspace       used 53908K, capacity 55424K, committed 55504K, reserved 1097728K
  class space    used 6831K, capacity 7407K, committed 7456K, reserved 1048576K
}
Event: 28.089 GC heap after
{Heap after GC invocations=33 (full 0):
 garbage-first heap   total 157696K, used 92977K [0x0000000080000000, 0x0000000100000000)
  region size 1024K, 3 young (3072K), 3 survivors (3072K)
 Metaspace       used 53908K, capacity 55424K, committed 55504K, reserved 1097728K
  class space    used 6831K, capacity 7407K, committed 7456K, reserved 1048576K
}
Event: 28.421 GC heap before
{Heap before GC invocations=33 (full 0):
 garbage-first heap   total 157696K, used 100145K [0x0000000080000000, 0x0000000100000000)
  region size 1024K, 11 young (11264K), 3 survivors (3072K)
 Metaspace       used 54435K, capacity 55927K, committed 56144K, reserved 1097728K
  class space    used 6929K, capacity 7511K, committed 7584K, reserved 1048576K
}
Event: 28.430 GC heap after
{Heap after GC invocations=34 (full 0):
 garbage-first heap   total 157696K, used 93261K [0x0000000080000000, 0x0000000100000000)
  region size 1024K, 3 young (3072K), 3 survivors (3072K)
 Metaspace       used 54435K, capacity 55927K, committed 56144K, reserved 1097728K
  class space    used 6929K, capacity 7511K, committed 7584K, reserved 1048576K
}
Event: 29.672 GC heap before
{Heap before GC invocations=35 (full 0):
 garbage-first heap   total 157696K, used 131149K [0x0000000080000000, 0x0000000100000000)
  region size 1024K, 35 young (35840K), 3 survivors (3072K)
 Metaspace       used 56202K, capacity 57868K, committed 58064K, reserved 1099776K
  class space    used 7226K, capacity 7882K, committed 7968K, reserved 1048576K
}
Event: 29.688 GC heap after
{Heap after GC invocations=36 (full 0):
 garbage-first heap   total 157696K, used 100126K [0x0000000080000000, 0x0000000100000000)
  region size 1024K, 5 young (5120K), 5 survivors (5120K)
 Metaspace       used 56202K, capacity 57868K, committed 58064K, reserved 1099776K
  class space    used 7226K, capacity 7882K, committed 7968K, reserved 1048576K
}
Event: 31.073 GC heap before
{Heap before GC invocations=36 (full 0):
 garbage-first heap   total 157696K, used 128798K [0x0000000080000000, 0x0000000100000000)
  region size 1024K, 33 young (33792K), 5 survivors (5120K)
 Metaspace       used 60374K, capacity 62054K, committed 62160K, reserved 1103872K
  class space    used 7726K, capacity 8410K, committed 8480K, reserved 1048576K
}
Event: 31.088 GC heap after
{Heap after GC invocations=37 (full 0):
 garbage-first heap   total 157696K, used 101996K [0x0000000080000000, 0x0000000100000000)
  region size 1024K, 5 young (5120K), 5 survivors (5120K)
 Metaspace       used 60374K, capacity 62054K, committed 62160K, reserved 1103872K
  class space    used 7726K, capacity 8410K, committed 8480K, reserved 1048576K
}
Event: 33.791 GC heap before
{Heap before GC invocations=38 (full 0):
 garbage-first heap   total 157696K, used 129644K [0x0000000080000000, 0x0000000100000000)
  region size 1024K, 33 young (33792K), 5 survivors (5120K)
 Metaspace       used 65951K, capacity 67710K, committed 68048K, reserved 1107968K
  class space    used 8430K, capacity 9138K, committed 9248K, reserved 1048576K
}
Event: 33.806 GC heap after
{Heap after GC invocations=39 (full 0):
 garbage-first heap   total 189440K, used 104620K [0x0000000080000000, 0x0000000100000000)
  region size 1024K, 5 young (5120K), 5 survivors (5120K)
 Metaspace       used 65951K, capacity 67710K, committed 68048K, reserved 1107968K
  class space    used 8430K, capacity 9138K, committed 9248K, reserved 1048576K
}

